<?xml version="1.0" encoding="UTF-8"?>
<!-- Generated by org.testng.reporters.JUnitXMLReporter -->
<testsuite ignored="0" hostname="suthir-HP-Pavilion-Laptop-15-cc1xx" failures="0" tests="3" name="Default test" time="3.092" errors="0" timestamp="19 Nov 2020 22:19:25 GMT">
  <testcase classname="com.takeaway.codechallenge.tests.RestAPITest" name="barnUnlock" time="1.14"/>
  <testcase classname="com.takeaway.codechallenge.tests.RestAPITest" name="chickenFeed" time="0.773"/>
  <testcase classname="com.takeaway.codechallenge.tests.RestAPITest" name="eggsCount" time="0.507"/>
</testsuite> <!-- Default test -->
